<?xml version="1.0" encoding="UTF-8"?>
<!-- Generated by org.testng.reporters.JUnitReportReporter -->
<testsuite hostname="lenovo-PC" name="demo.PropertiesTest" tests="1" failures="0" timestamp="18 May 2018 12:10:58 GMT" time="35.732" errors="0">
  <testcase name="testFrames" time="35.732" classname="demo.PropertiesTest"/>
</testsuite> <!-- demo.PropertiesTest -->
