<?xml version="1.0" encoding="UTF-8"?>
<!-- Generated by org.testng.reporters.JUnitReportReporter -->
<testsuite hostname="lenovo-PC" name="org.testng.suites.GooglePage" tests="2" failures="0" timestamp="24 May 2018 05:39:43 GMT" time="52.321" errors="0">
  <testcase name="google" time="20.842" classname="org.testng.suites.GooglePage"/>
  <testcase name="google" time="31.479" classname="org.testng.suites.GooglePage"/>
</testsuite> <!-- org.testng.suites.GooglePage -->
