<?xml version="1.0" encoding="UTF-8"?>
<!-- Generated by org.testng.reporters.JUnitReportReporter -->
<testsuite hostname="lenovo-PC" name="demo.JXLDemo" tests="1" failures="0" timestamp="15 May 2018 04:59:38 GMT" time="63.061" errors="0">
  <testcase name="testFrames" time="63.061" classname="demo.JXLDemo"/>
</testsuite> <!-- demo.JXLDemo -->
