<?xml version="1.0" encoding="UTF-8"?>
<!-- Generated by org.testng.reporters.JUnitReportReporter -->
<testsuite hostname="lenovo-PC" name="demo.DataProviderTest2" tests="3" failures="0" timestamp="24 May 2018 04:27:23 GMT" time="0.109" errors="0">
  <testcase name="m1" time="0.062" classname="demo.DataProviderTest2"/>
  <testcase name="m1" time="0.031" classname="demo.DataProviderTest2"/>
  <testcase name="m1" time="0.016" classname="demo.DataProviderTest2"/>
</testsuite> <!-- demo.DataProviderTest2 -->
