<?xml version="1.0" encoding="UTF-8"?>
<!-- Generated by org.testng.reporters.JUnitReportReporter -->
<testsuite hostname="lenovo-PC" name="demo.DataProvider_TestCases" tests="3" failures="0" timestamp="24 May 2018 04:46:34 GMT" time="79.867" errors="0">
  <testcase name="loginFB" time="30.245" classname="demo.DataProvider_TestCases"/>
  <testcase name="loginFB" time="27.264" classname="demo.DataProvider_TestCases"/>
  <testcase name="loginFB" time="22.358" classname="demo.DataProvider_TestCases"/>
</testsuite> <!-- demo.DataProvider_TestCases -->
