<?xml version="1.0" encoding="UTF-8"?>
<!-- Generated by org.testng.reporters.JUnitReportReporter -->
<testsuite hostname="lenovo-PC" name="demo.TestNGFeatures" tests="5" failures="0" timestamp="16 May 2018 04:28:45 GMT" time="0.022" errors="0">
  <testcase name="a1" time="0.003" classname="demo.TestNGFeatures"/>
  <testcase name="z1" time="0.002" classname="demo.TestNGFeatures"/>
  <testcase name="P1" time="0.002" classname="demo.TestNGFeatures"/>
  <testcase name="A1" time="0.013" classname="demo.TestNGFeatures"/>
  <testcase name="m1" time="0.002" classname="demo.TestNGFeatures"/>
</testsuite> <!-- demo.TestNGFeatures -->
